2016-09-01 13:51:40,315 [Worker-20] INFO  o.e.m.c.i.l.LifecycleMappingFactory - Using org.maven.ide.eclipse.wtp.WarLifecycleMapping lifecycle mapping for MavenProject: com.weekfiveproject:weekfiveproject:1.0 @ C:\Users\admin\WeekFiveProject\weekfiveproject\pom.xml.
2016-09-01 13:51:41,590 [Worker-20] INFO  o.e.m.j.i.AbstractJavaProjectConfigurator - Adding source folder /weekfiveproject/src/main/java
2016-09-01 13:51:41,591 [Worker-20] INFO  o.e.m.j.i.AbstractJavaProjectConfigurator - Adding resource folder /weekfiveproject/src/main/resources
2016-09-01 13:51:41,591 [Worker-20] INFO  o.e.m.j.i.AbstractJavaProjectConfigurator - Adding source folder /weekfiveproject/src/test/java
2016-09-01 13:51:44,017 [Worker-20] INFO  o.e.m.c.i.p.ProjectConfigurationManager - Imported and configured 1 project(s) in 6 sec
2016-09-01 13:51:45,398 [Worker-8] WARN  o.e.m.c.i.embedder.EclipseLogger - Using platform encoding (Cp1252 actually) to copy filtered resources, i.e. build is platform dependent!
2016-09-01 13:51:45,429 [Worker-8] INFO  o.e.m.c.i.embedder.EclipseLogger - Copying 0 resource
2016-09-01 13:51:45,432 [Worker-8] WARN  o.e.m.c.i.embedder.EclipseLogger - Using platform encoding (Cp1252 actually) to copy filtered resources, i.e. build is platform dependent!
2016-09-01 13:51:45,437 [Worker-8] INFO  o.e.m.c.i.embedder.EclipseLogger - skip non existing resourceDirectory C:\Users\admin\WeekFiveProject\weekfiveproject\src\test\resources
2016-09-01 13:51:46,599 [Worker-22] WARN  o.e.m.c.i.embedder.EclipseLogger - Using platform encoding (Cp1252 actually) to copy filtered resources, i.e. build is platform dependent!
2016-09-01 13:51:46,604 [Worker-22] INFO  o.e.m.c.i.embedder.EclipseLogger - Copying 0 resource
2016-09-01 13:51:46,605 [Worker-22] WARN  o.e.m.c.i.embedder.EclipseLogger - Using platform encoding (Cp1252 actually) to copy filtered resources, i.e. build is platform dependent!
2016-09-01 13:51:46,609 [Worker-22] INFO  o.e.m.c.i.embedder.EclipseLogger - skip non existing resourceDirectory C:\Users\admin\WeekFiveProject\weekfiveproject\src\test\resources
2016-09-01 15:40:00,543 [Worker-59] WARN  o.e.m.c.i.embedder.EclipseLogger - Using platform encoding (Cp1252 actually) to copy filtered resources, i.e. build is platform dependent!
2016-09-01 15:40:00,547 [Worker-59] INFO  o.e.m.c.i.embedder.EclipseLogger - Copying 0 resource
2016-09-01 15:40:00,549 [Worker-59] WARN  o.e.m.c.i.embedder.EclipseLogger - Using platform encoding (Cp1252 actually) to copy filtered resources, i.e. build is platform dependent!
2016-09-01 15:40:00,554 [Worker-59] INFO  o.e.m.c.i.embedder.EclipseLogger - skip non existing resourceDirectory C:\Users\admin\WeekFiveProject\weekfiveproject\src\test\resources
2016-09-01 15:42:03,646 [Worker-55] WARN  o.e.m.c.i.embedder.EclipseLogger - Using platform encoding (Cp1252 actually) to copy filtered resources, i.e. build is platform dependent!
2016-09-01 15:42:03,651 [Worker-55] INFO  o.e.m.c.i.embedder.EclipseLogger - Copying 0 resource
2016-09-01 15:42:03,652 [Worker-55] WARN  o.e.m.c.i.embedder.EclipseLogger - Using platform encoding (Cp1252 actually) to copy filtered resources, i.e. build is platform dependent!
2016-09-01 15:42:03,658 [Worker-55] INFO  o.e.m.c.i.embedder.EclipseLogger - skip non existing resourceDirectory C:\Users\admin\WeekFiveProject\weekfiveproject\src\test\resources
2016-09-02 14:14:53,244 [Worker-202] WARN  o.e.m.c.i.embedder.EclipseLogger - Using platform encoding (Cp1252 actually) to copy filtered resources, i.e. build is platform dependent!
2016-09-02 14:14:53,969 [Worker-202] INFO  o.e.m.c.i.embedder.EclipseLogger - Copying 0 resource
2016-09-02 14:14:54,032 [Worker-202] WARN  o.e.m.c.i.embedder.EclipseLogger - Using platform encoding (Cp1252 actually) to copy filtered resources, i.e. build is platform dependent!
2016-09-02 14:14:54,145 [Worker-202] INFO  o.e.m.c.i.embedder.EclipseLogger - skip non existing resourceDirectory C:\Users\admin\WeekFiveProject\weekfiveproject\src\test\resources
2016-09-02 14:16:43,792 [Worker-211] WARN  o.e.m.c.i.embedder.EclipseLogger - Using platform encoding (Cp1252 actually) to copy filtered resources, i.e. build is platform dependent!
2016-09-02 14:16:43,877 [Worker-211] INFO  o.e.m.c.i.embedder.EclipseLogger - Copying 0 resource
2016-09-02 14:16:43,881 [Worker-211] WARN  o.e.m.c.i.embedder.EclipseLogger - Using platform encoding (Cp1252 actually) to copy filtered resources, i.e. build is platform dependent!
2016-09-02 14:16:43,887 [Worker-211] INFO  o.e.m.c.i.embedder.EclipseLogger - skip non existing resourceDirectory C:\Users\admin\WeekFiveProject\weekfiveproject\src\test\resources
2016-09-02 14:17:32,087 [Worker-209] WARN  o.e.m.c.i.embedder.EclipseLogger - Using platform encoding (Cp1252 actually) to copy filtered resources, i.e. build is platform dependent!
2016-09-02 14:17:32,091 [Worker-209] INFO  o.e.m.c.i.embedder.EclipseLogger - Copying 0 resource
2016-09-02 14:17:32,092 [Worker-209] WARN  o.e.m.c.i.embedder.EclipseLogger - Using platform encoding (Cp1252 actually) to copy filtered resources, i.e. build is platform dependent!
2016-09-02 14:17:32,098 [Worker-209] INFO  o.e.m.c.i.embedder.EclipseLogger - skip non existing resourceDirectory C:\Users\admin\WeekFiveProject\weekfiveproject\src\test\resources
2016-09-02 14:23:01,577 [Worker-222] WARN  o.e.m.c.i.embedder.EclipseLogger - Using platform encoding (Cp1252 actually) to copy filtered resources, i.e. build is platform dependent!
2016-09-02 14:23:01,583 [Worker-222] INFO  o.e.m.c.i.embedder.EclipseLogger - Copying 0 resource
2016-09-02 14:23:01,587 [Worker-222] WARN  o.e.m.c.i.embedder.EclipseLogger - Using platform encoding (Cp1252 actually) to copy filtered resources, i.e. build is platform dependent!
2016-09-02 14:23:01,592 [Worker-222] INFO  o.e.m.c.i.embedder.EclipseLogger - skip non existing resourceDirectory C:\Users\admin\WeekFiveProject\weekfiveproject\src\test\resources
2016-09-02 14:23:17,156 [Worker-222] WARN  o.e.m.c.i.embedder.EclipseLogger - Using platform encoding (Cp1252 actually) to copy filtered resources, i.e. build is platform dependent!
2016-09-02 14:23:17,160 [Worker-222] INFO  o.e.m.c.i.embedder.EclipseLogger - Copying 0 resource
2016-09-02 14:23:17,161 [Worker-222] WARN  o.e.m.c.i.embedder.EclipseLogger - Using platform encoding (Cp1252 actually) to copy filtered resources, i.e. build is platform dependent!
2016-09-02 14:23:17,166 [Worker-222] INFO  o.e.m.c.i.embedder.EclipseLogger - skip non existing resourceDirectory C:\Users\admin\WeekFiveProject\weekfiveproject\src\test\resources
2016-09-02 14:44:19,114 [Worker-231] WARN  o.e.m.c.i.embedder.EclipseLogger - Using platform encoding (Cp1252 actually) to copy filtered resources, i.e. build is platform dependent!
2016-09-02 14:44:19,120 [Worker-231] INFO  o.e.m.c.i.embedder.EclipseLogger - Copying 0 resource
2016-09-02 14:44:19,123 [Worker-231] WARN  o.e.m.c.i.embedder.EclipseLogger - Using platform encoding (Cp1252 actually) to copy filtered resources, i.e. build is platform dependent!
2016-09-02 14:44:19,180 [Worker-231] INFO  o.e.m.c.i.embedder.EclipseLogger - skip non existing resourceDirectory C:\Users\admin\WeekFiveProject\weekfiveproject\src\test\resources
2016-09-02 14:54:45,489 [Worker-231] WARN  o.e.m.c.i.embedder.EclipseLogger - Using platform encoding (Cp1252 actually) to copy filtered resources, i.e. build is platform dependent!
2016-09-02 14:54:45,493 [Worker-231] INFO  o.e.m.c.i.embedder.EclipseLogger - Copying 0 resource
2016-09-02 14:54:45,493 [Worker-231] WARN  o.e.m.c.i.embedder.EclipseLogger - Using platform encoding (Cp1252 actually) to copy filtered resources, i.e. build is platform dependent!
2016-09-02 14:54:45,498 [Worker-231] INFO  o.e.m.c.i.embedder.EclipseLogger - skip non existing resourceDirectory C:\Users\admin\WeekFiveProject\weekfiveproject\src\test\resources
2016-09-02 14:54:53,533 [Worker-243] WARN  o.e.m.c.i.embedder.EclipseLogger - Using platform encoding (Cp1252 actually) to copy filtered resources, i.e. build is platform dependent!
2016-09-02 14:54:53,540 [Worker-243] INFO  o.e.m.c.i.embedder.EclipseLogger - Copying 0 resource
2016-09-02 14:54:53,544 [Worker-243] WARN  o.e.m.c.i.embedder.EclipseLogger - Using platform encoding (Cp1252 actually) to copy filtered resources, i.e. build is platform dependent!
2016-09-02 14:54:53,548 [Worker-243] INFO  o.e.m.c.i.embedder.EclipseLogger - skip non existing resourceDirectory C:\Users\admin\WeekFiveProject\weekfiveproject\src\test\resources
2016-09-02 14:55:53,102 [Worker-243] WARN  o.e.m.c.i.embedder.EclipseLogger - Using platform encoding (Cp1252 actually) to copy filtered resources, i.e. build is platform dependent!
2016-09-02 14:55:53,878 [Worker-243] INFO  o.e.m.c.i.embedder.EclipseLogger - Copying 0 resource
2016-09-02 14:55:53,880 [Worker-243] WARN  o.e.m.c.i.embedder.EclipseLogger - Using platform encoding (Cp1252 actually) to copy filtered resources, i.e. build is platform dependent!
2016-09-02 14:55:53,886 [Worker-243] INFO  o.e.m.c.i.embedder.EclipseLogger - skip non existing resourceDirectory C:\Users\admin\WeekFiveProject\weekfiveproject\src\test\resources
2016-09-02 14:56:05,276 [Worker-245] WARN  o.e.m.c.i.embedder.EclipseLogger - Using platform encoding (Cp1252 actually) to copy filtered resources, i.e. build is platform dependent!
2016-09-02 14:56:05,284 [Worker-245] INFO  o.e.m.c.i.embedder.EclipseLogger - Copying 0 resource
2016-09-02 14:56:05,288 [Worker-245] WARN  o.e.m.c.i.embedder.EclipseLogger - Using platform encoding (Cp1252 actually) to copy filtered resources, i.e. build is platform dependent!
2016-09-02 14:56:05,293 [Worker-245] INFO  o.e.m.c.i.embedder.EclipseLogger - skip non existing resourceDirectory C:\Users\admin\WeekFiveProject\weekfiveproject\src\test\resources
2016-09-02 14:56:31,121 [Worker-246] WARN  o.e.m.c.i.embedder.EclipseLogger - Using platform encoding (Cp1252 actually) to copy filtered resources, i.e. build is platform dependent!
2016-09-02 14:56:31,125 [Worker-246] INFO  o.e.m.c.i.embedder.EclipseLogger - Copying 0 resource
2016-09-02 14:56:31,126 [Worker-246] WARN  o.e.m.c.i.embedder.EclipseLogger - Using platform encoding (Cp1252 actually) to copy filtered resources, i.e. build is platform dependent!
2016-09-02 14:56:31,133 [Worker-246] INFO  o.e.m.c.i.embedder.EclipseLogger - skip non existing resourceDirectory C:\Users\admin\WeekFiveProject\weekfiveproject\src\test\resources
2016-09-02 14:56:56,382 [Worker-246] WARN  o.e.m.c.i.embedder.EclipseLogger - Using platform encoding (Cp1252 actually) to copy filtered resources, i.e. build is platform dependent!
2016-09-02 14:56:56,387 [Worker-246] INFO  o.e.m.c.i.embedder.EclipseLogger - Copying 0 resource
2016-09-02 14:56:56,392 [Worker-246] WARN  o.e.m.c.i.embedder.EclipseLogger - Using platform encoding (Cp1252 actually) to copy filtered resources, i.e. build is platform dependent!
2016-09-02 14:56:56,399 [Worker-246] INFO  o.e.m.c.i.embedder.EclipseLogger - skip non existing resourceDirectory C:\Users\admin\WeekFiveProject\weekfiveproject\src\test\resources
2016-09-02 14:57:25,668 [Worker-249] WARN  o.e.m.c.i.embedder.EclipseLogger - Using platform encoding (Cp1252 actually) to copy filtered resources, i.e. build is platform dependent!
2016-09-02 14:57:25,678 [Worker-249] INFO  o.e.m.c.i.embedder.EclipseLogger - Copying 0 resource
2016-09-02 14:57:25,679 [Worker-249] WARN  o.e.m.c.i.embedder.EclipseLogger - Using platform encoding (Cp1252 actually) to copy filtered resources, i.e. build is platform dependent!
2016-09-02 14:57:25,685 [Worker-249] INFO  o.e.m.c.i.embedder.EclipseLogger - skip non existing resourceDirectory C:\Users\admin\WeekFiveProject\weekfiveproject\src\test\resources
2016-09-02 14:59:37,766 [Worker-247] WARN  o.e.m.c.i.embedder.EclipseLogger - Using platform encoding (Cp1252 actually) to copy filtered resources, i.e. build is platform dependent!
2016-09-02 14:59:37,773 [Worker-247] INFO  o.e.m.c.i.embedder.EclipseLogger - Copying 0 resource
2016-09-02 14:59:37,777 [Worker-247] WARN  o.e.m.c.i.embedder.EclipseLogger - Using platform encoding (Cp1252 actually) to copy filtered resources, i.e. build is platform dependent!
2016-09-02 14:59:37,785 [Worker-247] INFO  o.e.m.c.i.embedder.EclipseLogger - skip non existing resourceDirectory C:\Users\admin\WeekFiveProject\weekfiveproject\src\test\resources
2016-09-02 15:01:10,614 [Worker-247] WARN  o.e.m.c.i.embedder.EclipseLogger - Using platform encoding (Cp1252 actually) to copy filtered resources, i.e. build is platform dependent!
2016-09-02 15:01:10,618 [Worker-247] INFO  o.e.m.c.i.embedder.EclipseLogger - Copying 0 resource
2016-09-02 15:01:10,619 [Worker-247] WARN  o.e.m.c.i.embedder.EclipseLogger - Using platform encoding (Cp1252 actually) to copy filtered resources, i.e. build is platform dependent!
2016-09-02 15:01:10,625 [Worker-247] INFO  o.e.m.c.i.embedder.EclipseLogger - skip non existing resourceDirectory C:\Users\admin\WeekFiveProject\weekfiveproject\src\test\resources
2016-09-02 15:01:13,898 [Worker-252] WARN  o.e.m.c.i.embedder.EclipseLogger - Using platform encoding (Cp1252 actually) to copy filtered resources, i.e. build is platform dependent!
2016-09-02 15:01:13,905 [Worker-252] INFO  o.e.m.c.i.embedder.EclipseLogger - Copying 0 resource
2016-09-02 15:01:13,909 [Worker-252] WARN  o.e.m.c.i.embedder.EclipseLogger - Using platform encoding (Cp1252 actually) to copy filtered resources, i.e. build is platform dependent!
2016-09-02 15:01:13,914 [Worker-252] INFO  o.e.m.c.i.embedder.EclipseLogger - skip non existing resourceDirectory C:\Users\admin\WeekFiveProject\weekfiveproject\src\test\resources
2016-09-02 15:31:54,534 [Worker-259] WARN  o.e.m.c.i.embedder.EclipseLogger - Using platform encoding (Cp1252 actually) to copy filtered resources, i.e. build is platform dependent!
2016-09-02 15:31:54,538 [Worker-259] INFO  o.e.m.c.i.embedder.EclipseLogger - Copying 0 resource
2016-09-02 15:31:54,539 [Worker-259] WARN  o.e.m.c.i.embedder.EclipseLogger - Using platform encoding (Cp1252 actually) to copy filtered resources, i.e. build is platform dependent!
2016-09-02 15:31:54,547 [Worker-259] INFO  o.e.m.c.i.embedder.EclipseLogger - skip non existing resourceDirectory C:\Users\admin\WeekFiveProject\weekfiveproject\src\test\resources
2016-09-02 15:32:16,098 [Worker-263] WARN  o.e.m.c.i.embedder.EclipseLogger - Using platform encoding (Cp1252 actually) to copy filtered resources, i.e. build is platform dependent!
2016-09-02 15:32:16,105 [Worker-263] INFO  o.e.m.c.i.embedder.EclipseLogger - Copying 0 resource
2016-09-02 15:32:16,112 [Worker-263] WARN  o.e.m.c.i.embedder.EclipseLogger - Using platform encoding (Cp1252 actually) to copy filtered resources, i.e. build is platform dependent!
2016-09-02 15:32:16,119 [Worker-263] INFO  o.e.m.c.i.embedder.EclipseLogger - skip non existing resourceDirectory C:\Users\admin\WeekFiveProject\weekfiveproject\src\test\resources
2016-09-02 15:38:18,656 [Worker-263] WARN  o.e.m.c.i.embedder.EclipseLogger - Using platform encoding (Cp1252 actually) to copy filtered resources, i.e. build is platform dependent!
2016-09-02 15:38:18,660 [Worker-263] INFO  o.e.m.c.i.embedder.EclipseLogger - Copying 0 resource
2016-09-02 15:38:18,662 [Worker-263] WARN  o.e.m.c.i.embedder.EclipseLogger - Using platform encoding (Cp1252 actually) to copy filtered resources, i.e. build is platform dependent!
2016-09-02 15:38:18,668 [Worker-263] INFO  o.e.m.c.i.embedder.EclipseLogger - skip non existing resourceDirectory C:\Users\admin\WeekFiveProject\weekfiveproject\src\test\resources
2016-09-02 15:39:51,275 [Worker-272] WARN  o.e.m.c.i.embedder.EclipseLogger - Using platform encoding (Cp1252 actually) to copy filtered resources, i.e. build is platform dependent!
2016-09-02 15:39:51,283 [Worker-272] INFO  o.e.m.c.i.embedder.EclipseLogger - Copying 0 resource
2016-09-02 15:39:51,290 [Worker-272] WARN  o.e.m.c.i.embedder.EclipseLogger - Using platform encoding (Cp1252 actually) to copy filtered resources, i.e. build is platform dependent!
2016-09-02 15:39:51,297 [Worker-272] INFO  o.e.m.c.i.embedder.EclipseLogger - skip non existing resourceDirectory C:\Users\admin\WeekFiveProject\weekfiveproject\src\test\resources
2016-09-02 15:39:52,358 [Worker-271] WARN  o.e.m.c.i.embedder.EclipseLogger - Using platform encoding (Cp1252 actually) to copy filtered resources, i.e. build is platform dependent!
2016-09-02 15:39:52,362 [Worker-271] INFO  o.e.m.c.i.embedder.EclipseLogger - Copying 0 resource
2016-09-02 15:39:52,363 [Worker-271] WARN  o.e.m.c.i.embedder.EclipseLogger - Using platform encoding (Cp1252 actually) to copy filtered resources, i.e. build is platform dependent!
2016-09-02 15:39:52,370 [Worker-271] INFO  o.e.m.c.i.embedder.EclipseLogger - skip non existing resourceDirectory C:\Users\admin\WeekFiveProject\weekfiveproject\src\test\resources
2016-09-02 15:40:01,617 [Worker-275] WARN  o.e.m.c.i.embedder.EclipseLogger - Using platform encoding (Cp1252 actually) to copy filtered resources, i.e. build is platform dependent!
2016-09-02 15:40:01,623 [Worker-275] INFO  o.e.m.c.i.embedder.EclipseLogger - Copying 0 resource
2016-09-02 15:40:01,626 [Worker-275] WARN  o.e.m.c.i.embedder.EclipseLogger - Using platform encoding (Cp1252 actually) to copy filtered resources, i.e. build is platform dependent!
2016-09-02 15:40:01,631 [Worker-275] INFO  o.e.m.c.i.embedder.EclipseLogger - skip non existing resourceDirectory C:\Users\admin\WeekFiveProject\weekfiveproject\src\test\resources
2016-09-02 15:40:31,158 [Worker-271] WARN  o.e.m.c.i.embedder.EclipseLogger - Using platform encoding (Cp1252 actually) to copy filtered resources, i.e. build is platform dependent!
2016-09-02 15:40:31,161 [Worker-271] INFO  o.e.m.c.i.embedder.EclipseLogger - Copying 0 resource
2016-09-02 15:40:31,162 [Worker-271] WARN  o.e.m.c.i.embedder.EclipseLogger - Using platform encoding (Cp1252 actually) to copy filtered resources, i.e. build is platform dependent!
2016-09-02 15:40:31,170 [Worker-271] INFO  o.e.m.c.i.embedder.EclipseLogger - skip non existing resourceDirectory C:\Users\admin\WeekFiveProject\weekfiveproject\src\test\resources
2016-09-02 15:40:42,471 [Worker-277] WARN  o.e.m.c.i.embedder.EclipseLogger - Using platform encoding (Cp1252 actually) to copy filtered resources, i.e. build is platform dependent!
2016-09-02 15:40:42,476 [Worker-277] INFO  o.e.m.c.i.embedder.EclipseLogger - Copying 0 resource
2016-09-02 15:40:42,480 [Worker-277] WARN  o.e.m.c.i.embedder.EclipseLogger - Using platform encoding (Cp1252 actually) to copy filtered resources, i.e. build is platform dependent!
2016-09-02 15:40:42,487 [Worker-277] INFO  o.e.m.c.i.embedder.EclipseLogger - skip non existing resourceDirectory C:\Users\admin\WeekFiveProject\weekfiveproject\src\test\resources
2016-09-02 15:40:54,626 [Worker-274] WARN  o.e.m.c.i.embedder.EclipseLogger - Using platform encoding (Cp1252 actually) to copy filtered resources, i.e. build is platform dependent!
2016-09-02 15:40:54,630 [Worker-274] INFO  o.e.m.c.i.embedder.EclipseLogger - Copying 0 resource
2016-09-02 15:40:54,632 [Worker-274] WARN  o.e.m.c.i.embedder.EclipseLogger - Using platform encoding (Cp1252 actually) to copy filtered resources, i.e. build is platform dependent!
2016-09-02 15:40:54,638 [Worker-274] INFO  o.e.m.c.i.embedder.EclipseLogger - skip non existing resourceDirectory C:\Users\admin\WeekFiveProject\weekfiveproject\src\test\resources
2016-09-02 15:41:03,700 [Worker-273] WARN  o.e.m.c.i.embedder.EclipseLogger - Using platform encoding (Cp1252 actually) to copy filtered resources, i.e. build is platform dependent!
2016-09-02 15:41:03,705 [Worker-273] INFO  o.e.m.c.i.embedder.EclipseLogger - Copying 0 resource
2016-09-02 15:41:03,708 [Worker-273] WARN  o.e.m.c.i.embedder.EclipseLogger - Using platform encoding (Cp1252 actually) to copy filtered resources, i.e. build is platform dependent!
2016-09-02 15:41:03,714 [Worker-273] INFO  o.e.m.c.i.embedder.EclipseLogger - skip non existing resourceDirectory C:\Users\admin\WeekFiveProject\weekfiveproject\src\test\resources
2016-09-02 15:41:13,491 [Worker-277] WARN  o.e.m.c.i.embedder.EclipseLogger - Using platform encoding (Cp1252 actually) to copy filtered resources, i.e. build is platform dependent!
2016-09-02 15:41:13,494 [Worker-277] INFO  o.e.m.c.i.embedder.EclipseLogger - Copying 0 resource
2016-09-02 15:41:13,496 [Worker-277] WARN  o.e.m.c.i.embedder.EclipseLogger - Using platform encoding (Cp1252 actually) to copy filtered resources, i.e. build is platform dependent!
2016-09-02 15:41:13,502 [Worker-277] INFO  o.e.m.c.i.embedder.EclipseLogger - skip non existing resourceDirectory C:\Users\admin\WeekFiveProject\weekfiveproject\src\test\resources
2016-09-02 15:41:18,232 [Worker-277] WARN  o.e.m.c.i.embedder.EclipseLogger - Using platform encoding (Cp1252 actually) to copy filtered resources, i.e. build is platform dependent!
2016-09-02 15:41:18,238 [Worker-277] INFO  o.e.m.c.i.embedder.EclipseLogger - Copying 0 resource
2016-09-02 15:41:18,241 [Worker-277] WARN  o.e.m.c.i.embedder.EclipseLogger - Using platform encoding (Cp1252 actually) to copy filtered resources, i.e. build is platform dependent!
2016-09-02 15:41:18,248 [Worker-277] INFO  o.e.m.c.i.embedder.EclipseLogger - skip non existing resourceDirectory C:\Users\admin\WeekFiveProject\weekfiveproject\src\test\resources
2016-09-02 15:41:22,776 [Worker-273] WARN  o.e.m.c.i.embedder.EclipseLogger - Using platform encoding (Cp1252 actually) to copy filtered resources, i.e. build is platform dependent!
2016-09-02 15:41:22,781 [Worker-273] INFO  o.e.m.c.i.embedder.EclipseLogger - Copying 0 resource
2016-09-02 15:41:22,781 [Worker-273] WARN  o.e.m.c.i.embedder.EclipseLogger - Using platform encoding (Cp1252 actually) to copy filtered resources, i.e. build is platform dependent!
2016-09-02 15:41:22,787 [Worker-273] INFO  o.e.m.c.i.embedder.EclipseLogger - skip non existing resourceDirectory C:\Users\admin\WeekFiveProject\weekfiveproject\src\test\resources
2016-09-02 15:49:06,257 [Worker-280] WARN  o.e.m.c.i.embedder.EclipseLogger - Using platform encoding (Cp1252 actually) to copy filtered resources, i.e. build is platform dependent!
2016-09-02 15:49:06,263 [Worker-280] INFO  o.e.m.c.i.embedder.EclipseLogger - Copying 0 resource
2016-09-02 15:49:06,298 [Worker-280] WARN  o.e.m.c.i.embedder.EclipseLogger - Using platform encoding (Cp1252 actually) to copy filtered resources, i.e. build is platform dependent!
2016-09-02 15:49:06,304 [Worker-280] INFO  o.e.m.c.i.embedder.EclipseLogger - skip non existing resourceDirectory C:\Users\admin\WeekFiveProject\weekfiveproject\src\test\resources
2016-09-02 15:52:23,865 [Worker-283] WARN  o.e.m.c.i.embedder.EclipseLogger - Using platform encoding (Cp1252 actually) to copy filtered resources, i.e. build is platform dependent!
2016-09-02 15:52:23,870 [Worker-283] INFO  o.e.m.c.i.embedder.EclipseLogger - Copying 0 resource
2016-09-02 15:52:23,871 [Worker-283] WARN  o.e.m.c.i.embedder.EclipseLogger - Using platform encoding (Cp1252 actually) to copy filtered resources, i.e. build is platform dependent!
2016-09-02 15:52:23,877 [Worker-283] INFO  o.e.m.c.i.embedder.EclipseLogger - skip non existing resourceDirectory C:\Users\admin\WeekFiveProject\weekfiveproject\src\test\resources
2016-09-02 15:58:29,416 [Worker-294] WARN  o.e.m.c.i.embedder.EclipseLogger - Using platform encoding (Cp1252 actually) to copy filtered resources, i.e. build is platform dependent!
2016-09-02 15:58:29,422 [Worker-294] INFO  o.e.m.c.i.embedder.EclipseLogger - Copying 0 resource
2016-09-02 15:58:29,441 [Worker-294] WARN  o.e.m.c.i.embedder.EclipseLogger - Using platform encoding (Cp1252 actually) to copy filtered resources, i.e. build is platform dependent!
2016-09-02 15:58:29,447 [Worker-294] INFO  o.e.m.c.i.embedder.EclipseLogger - skip non existing resourceDirectory C:\Users\admin\WeekFiveProject\weekfiveproject\src\test\resources
2016-09-02 16:08:08,187 [Worker-304] WARN  o.e.m.c.i.embedder.EclipseLogger - Using platform encoding (Cp1252 actually) to copy filtered resources, i.e. build is platform dependent!
2016-09-02 16:08:08,201 [Worker-304] INFO  o.e.m.c.i.embedder.EclipseLogger - Copying 0 resource
2016-09-02 16:08:08,202 [Worker-304] WARN  o.e.m.c.i.embedder.EclipseLogger - Using platform encoding (Cp1252 actually) to copy filtered resources, i.e. build is platform dependent!
2016-09-02 16:08:08,209 [Worker-304] INFO  o.e.m.c.i.embedder.EclipseLogger - skip non existing resourceDirectory C:\Users\admin\WeekFiveProject\weekfiveproject\src\test\resources
2016-09-02 16:13:16,342 [Worker-308] WARN  o.e.m.c.i.embedder.EclipseLogger - Using platform encoding (Cp1252 actually) to copy filtered resources, i.e. build is platform dependent!
2016-09-02 16:13:16,349 [Worker-308] INFO  o.e.m.c.i.embedder.EclipseLogger - Copying 0 resource
2016-09-02 16:13:16,353 [Worker-308] WARN  o.e.m.c.i.embedder.EclipseLogger - Using platform encoding (Cp1252 actually) to copy filtered resources, i.e. build is platform dependent!
2016-09-02 16:13:16,358 [Worker-308] INFO  o.e.m.c.i.embedder.EclipseLogger - skip non existing resourceDirectory C:\Users\admin\WeekFiveProject\weekfiveproject\src\test\resources
2016-09-02 16:22:50,142 [Worker-308] WARN  o.e.m.c.i.embedder.EclipseLogger - Using platform encoding (Cp1252 actually) to copy filtered resources, i.e. build is platform dependent!
2016-09-02 16:22:50,147 [Worker-308] INFO  o.e.m.c.i.embedder.EclipseLogger - Copying 0 resource
2016-09-02 16:22:50,149 [Worker-308] WARN  o.e.m.c.i.embedder.EclipseLogger - Using platform encoding (Cp1252 actually) to copy filtered resources, i.e. build is platform dependent!
2016-09-02 16:22:50,155 [Worker-308] INFO  o.e.m.c.i.embedder.EclipseLogger - skip non existing resourceDirectory C:\Users\admin\WeekFiveProject\weekfiveproject\src\test\resources
2016-09-02 16:26:57,728 [Worker-308] INFO  o.e.m.c.i.l.LifecycleMappingFactory - Using org.maven.ide.eclipse.wtp.WarLifecycleMapping lifecycle mapping for MavenProject: com.weekfiveproject:weekfiveproject:1.0 @ C:\Users\admin\WeekFiveProject\weekfiveproject\pom.xml.
2016-09-02 16:27:03,216 [Worker-308] WARN  o.e.m.c.i.embedder.EclipseLogger - Using platform encoding (Cp1252 actually) to copy filtered resources, i.e. build is platform dependent!
2016-09-02 16:27:03,238 [Worker-308] INFO  o.e.m.c.i.embedder.EclipseLogger - Copying 0 resource
2016-09-02 16:27:03,245 [Worker-308] WARN  o.e.m.c.i.embedder.EclipseLogger - Using platform encoding (Cp1252 actually) to copy filtered resources, i.e. build is platform dependent!
2016-09-02 16:27:03,248 [Worker-308] INFO  o.e.m.c.i.embedder.EclipseLogger - skip non existing resourceDirectory C:\Users\admin\WeekFiveProject\weekfiveproject\src\test\resources
2016-09-02 16:27:03,251 [Worker-308] INFO  o.e.m.w.i.f.ResourceFilteringBuildParticipant - Changed resources require a complete clean of filtered resources of weekfiveproject
2016-09-02 16:27:03,384 [Worker-308] INFO  o.e.m.w.i.f.ResourceFilteringBuildParticipant - Executing resource filtering for weekfiveproject
2016-09-02 16:27:03,430 [Worker-308] WARN  o.e.m.c.i.embedder.EclipseLogger - Using platform encoding (Cp1252 actually) to copy filtered resources, i.e. build is platform dependent!
2016-09-02 16:27:04,739 [Worker-312] WARN  o.e.m.c.i.embedder.EclipseLogger - Using platform encoding (Cp1252 actually) to copy filtered resources, i.e. build is platform dependent!
2016-09-02 16:27:04,745 [Worker-312] INFO  o.e.m.c.i.embedder.EclipseLogger - Copying 0 resource
2016-09-02 16:27:04,746 [Worker-312] WARN  o.e.m.c.i.embedder.EclipseLogger - Using platform encoding (Cp1252 actually) to copy filtered resources, i.e. build is platform dependent!
2016-09-02 16:27:04,755 [Worker-312] INFO  o.e.m.c.i.embedder.EclipseLogger - skip non existing resourceDirectory C:\Users\admin\WeekFiveProject\weekfiveproject\src\test\resources
2016-09-02 16:31:21,978 [Worker-322] WARN  o.e.m.c.i.embedder.EclipseLogger - Using platform encoding (Cp1252 actually) to copy filtered resources, i.e. build is platform dependent!
2016-09-02 16:31:21,986 [Worker-322] INFO  o.e.m.c.i.embedder.EclipseLogger - Copying 0 resource
2016-09-02 16:31:21,990 [Worker-322] WARN  o.e.m.c.i.embedder.EclipseLogger - Using platform encoding (Cp1252 actually) to copy filtered resources, i.e. build is platform dependent!
2016-09-02 16:31:21,996 [Worker-322] INFO  o.e.m.c.i.embedder.EclipseLogger - skip non existing resourceDirectory C:\Users\admin\WeekFiveProject\weekfiveproject\src\test\resources
2016-09-02 16:34:40,583 [Worker-322] WARN  o.e.m.c.i.embedder.EclipseLogger - Using platform encoding (Cp1252 actually) to copy filtered resources, i.e. build is platform dependent!
2016-09-02 16:34:40,591 [Worker-322] INFO  o.e.m.c.i.embedder.EclipseLogger - Copying 0 resource
2016-09-02 16:34:40,592 [Worker-322] WARN  o.e.m.c.i.embedder.EclipseLogger - Using platform encoding (Cp1252 actually) to copy filtered resources, i.e. build is platform dependent!
2016-09-02 16:34:40,602 [Worker-322] INFO  o.e.m.c.i.embedder.EclipseLogger - skip non existing resourceDirectory C:\Users\admin\WeekFiveProject\weekfiveproject\src\test\resources
2016-09-02 16:40:42,805 [Worker-332] WARN  o.e.m.c.i.embedder.EclipseLogger - Using platform encoding (Cp1252 actually) to copy filtered resources, i.e. build is platform dependent!
2016-09-02 16:40:42,818 [Worker-332] INFO  o.e.m.c.i.embedder.EclipseLogger - Copying 0 resource
2016-09-02 16:40:42,825 [Worker-332] WARN  o.e.m.c.i.embedder.EclipseLogger - Using platform encoding (Cp1252 actually) to copy filtered resources, i.e. build is platform dependent!
2016-09-02 16:40:42,832 [Worker-332] INFO  o.e.m.c.i.embedder.EclipseLogger - skip non existing resourceDirectory C:\Users\admin\WeekFiveProject\weekfiveproject\src\test\resources
2016-09-02 16:46:27,490 [Worker-328] WARN  o.e.m.c.i.embedder.EclipseLogger - Using platform encoding (Cp1252 actually) to copy filtered resources, i.e. build is platform dependent!
2016-09-02 16:46:27,499 [Worker-328] INFO  o.e.m.c.i.embedder.EclipseLogger - Copying 0 resource
2016-09-02 16:46:27,500 [Worker-328] WARN  o.e.m.c.i.embedder.EclipseLogger - Using platform encoding (Cp1252 actually) to copy filtered resources, i.e. build is platform dependent!
2016-09-02 16:46:27,509 [Worker-328] INFO  o.e.m.c.i.embedder.EclipseLogger - skip non existing resourceDirectory C:\Users\admin\WeekFiveProject\weekfiveproject\src\test\resources
2016-09-06 12:34:57,137 [Worker-4] WARN  o.e.m.c.i.embedder.EclipseLogger - Using platform encoding (Cp1252 actually) to copy filtered resources, i.e. build is platform dependent!
2016-09-06 12:34:57,153 [Worker-4] INFO  o.e.m.c.i.embedder.EclipseLogger - Copying 0 resource
2016-09-06 12:34:57,194 [Worker-4] WARN  o.e.m.c.i.embedder.EclipseLogger - Using platform encoding (Cp1252 actually) to copy filtered resources, i.e. build is platform dependent!
2016-09-06 12:34:57,201 [Worker-4] INFO  o.e.m.c.i.embedder.EclipseLogger - skip non existing resourceDirectory C:\Users\admin\WeekFiveProject\weekfiveproject\src\test\resources
